BUILD: Computing Include file dependencies:
BUILD: Examining c:\radasm\wdk\projects\driver_projects\pdlr04_gladyr\filedeviodemo directory for files to compile.
oacr invalidate root:x86chk /autocleanqueue
1>Compiling and Linking c:\radasm\wdk\projects\driver_projects\pdlr04_gladyr\filedeviodemo *************
1>'nmake.exe /nologo BUILDMSG=Stop. -i /nologo /f c:\winddk\bin\makefile.def BUILD_PASS=PASS2 LINKONLY=1 NOPASS0=1 MAKEDIR_RELATIVE_TO_BASEDIR='
1>c:\radasm\wdk\projects\driver_projects\pdlr04_gladyr\filedeviodemo: TARGETPATH is SYS
1>BUILDMSG: _NT_TARGET_VERSION SET TO WINXP
1> C:\WinDDK\Bin\x86\oacr\oacrlink /out:SYS\i386\FileDevIODemo.sys /machine:ix86 @c:\radasm\wdk\projects\driver_projects\pdlr04_gladyr\filedeviodemo\objchk_wxp_x86\i386\lnk.rsp
1>Microsoft (R) Incremental Linker Version 9.00.30729.207
1>Copyright (C) Microsoft Corporation.  All rights reserved.
1>/MERGE:_PAGE=PAGE 
1>/MERGE:_TEXT=.text 
1>/SECTION:INIT,d 
1>/OPT:REF 
1>/OPT:ICF 
1>/IGNORE:4198,4010,4037,4039,4065,4070,4078,4087,4089,4221 
1>/INCREMENTAL:NO 
1>/release 
1>/NODEFAULTLIB 
1>/WX 
1>/debug 
1>/debugtype:cv,fixup,pdata 
1>/version:6.1 
1>/osversion:6.1 
1>/functionpadmin:5 
1>/safeseh 
1>/pdbcompress 
1>/STACK:0x40000,0x1000 
1>/driver 
1>/base:0x10000 
1>/align:0x80 /stub:c:\winddk\lib\wxp\stub512.com 
1>/subsystem:native,5.01 
1>/entry:GsDriverEntry@8 
1>/out:SYS\i386\FileDevIODemo.sys 
1>c:\radasm\wdk\projects\driver_projects\pdlr04_gladyr\filedeviodemo\objchk_wxp_x86\i386\filedeviodemo.res 
1>c:\radasm\wdk\projects\driver_projects\pdlr04_gladyr\filedeviodemo\objchk_wxp_x86\i386\filedeviodemo.obj 
1>c:\winddk\lib\wxp\i386\BufferOverflowK.lib 
1>c:\winddk\lib\wxp\i386\ntoskrnl.lib 
1>c:\winddk\lib\wxp\i386\hal.lib 
1>c:\winddk\lib\wxp\i386\wmilib.lib 
1>c:\winddk\lib\wxp\i386\sehupd.lib 
